<?xml version="1.0" encoding="UTF-8"?>
<testng-results ignored="2" total="5" passed="3" failed="0" skipped="0">
  <reporter-output>
  </reporter-output>
  <suite started-at="2023-08-10T06:57:03 ICT" name="All Test Suite" finished-at="2023-08-10T06:57:21 ICT" duration-ms="18254">
    <groups>
      <group name="Success">
        <method signature="LoginPageScript.TC01_LoginSuccess()[pri:0, instance:testscripts.LoginPageScript@3b07a0d6]" name="TC01_LoginSuccess" class="testscripts.LoginPageScript"/>
      </group> <!-- Success -->
      <group name="Invalid">
        <method signature="LoginPageScript.testByForLoop()[pri:0, instance:testscripts.LoginPageScript@3b07a0d6]" name="testByForLoop" class="testscripts.LoginPageScript"/>
      </group> <!-- Invalid -->
    </groups>
    <test started-at="2023-08-10T06:57:03 ICT" name="C:/Users/Admin/IdeaProjects/TestNGReadExcelData" finished-at="2023-08-10T06:57:21 ICT" duration-ms="18254">
      <class name="testscripts.LoginPageScript">
        <test-method is-config="true" signature="setupLoginPage()[pri:0, instance:testscripts.LoginPageScript@3b07a0d6]" started-at="2023-08-10T06:57:06 ICT" name="setupLoginPage" finished-at="2023-08-10T06:57:07 ICT" duration-ms="923" status="PASS">
          <reporter-output>
          </reporter-output>
        </test-method> <!-- setupLoginPage -->
        <test-method is-config="true" signature="reloadLoginPage()[pri:0, instance:testscripts.LoginPageScript@3b07a0d6]" started-at="2023-08-10T06:57:07 ICT" name="reloadLoginPage" finished-at="2023-08-10T06:57:08 ICT" duration-ms="745" status="PASS">
          <reporter-output>
          </reporter-output>
        </test-method> <!-- reloadLoginPage -->
        <test-method signature="TC01_LoginSuccess()[pri:0, instance:testscripts.LoginPageScript@3b07a0d6]" started-at="2023-08-10T06:57:08 ICT" name="TC01_LoginSuccess" finished-at="2023-08-10T06:57:11 ICT" duration-ms="2619" status="PASS">
          <reporter-output>
          </reporter-output>
        </test-method> <!-- TC01_LoginSuccess -->
        <test-method is-config="true" signature="closeSession()[pri:0, instance:testscripts.LoginPageScript@3b07a0d6]" started-at="2023-08-10T06:57:11 ICT" name="closeSession" finished-at="2023-08-10T06:57:13 ICT" duration-ms="2535" status="PASS">
          <reporter-output>
          </reporter-output>
        </test-method> <!-- closeSession -->
        <test-method is-config="true" signature="reloadLoginPage2()[pri:0, instance:testscripts.LoginPageScript@3b07a0d6]" started-at="2023-08-10T06:57:13 ICT" name="reloadLoginPage2" finished-at="2023-08-10T06:57:14 ICT" duration-ms="669" status="PASS">
          <reporter-output>
          </reporter-output>
        </test-method> <!-- reloadLoginPage2 -->
        <test-method signature="testByForLoop()[pri:0, instance:testscripts.LoginPageScript@3b07a0d6]" started-at="2023-08-10T06:57:14 ICT" name="testByForLoop" finished-at="2023-08-10T06:57:21 ICT" duration-ms="6735" status="PASS">
          <reporter-output>
          </reporter-output>
        </test-method> <!-- testByForLoop -->
      </class> <!-- testscripts.LoginPageScript -->
      <class name="testscripts.HomePageScript">
        <test-method is-config="true" signature="initializeBrowser(java.lang.String)[pri:0, instance:testscripts.HomePageScript@78e94dcf]" started-at="2023-08-10T06:57:03 ICT" name="initializeBrowser" finished-at="2023-08-10T06:57:05 ICT" duration-ms="2285" status="PASS">
          <params>
            <param index="0">
              <value>
                <![CDATA[Chrome]]>
              </value>
            </param>
          </params>
          <reporter-output>
          </reporter-output>
        </test-method> <!-- initializeBrowser -->
        <test-method is-config="true" signature="initHomePageScript()[pri:0, instance:testscripts.HomePageScript@78e94dcf]" started-at="2023-08-10T06:57:05 ICT" name="initHomePageScript" finished-at="2023-08-10T06:57:05 ICT" duration-ms="2" status="PASS">
          <reporter-output>
          </reporter-output>
        </test-method> <!-- initHomePageScript -->
        <test-method is-config="true" signature="goToHomePage()[pri:0, instance:testscripts.HomePageScript@78e94dcf]" started-at="2023-08-10T06:57:05 ICT" name="goToHomePage" finished-at="2023-08-10T06:57:06 ICT" duration-ms="978" status="PASS">
          <reporter-output>
          </reporter-output>
        </test-method> <!-- goToHomePage -->
        <test-method signature="verifyLinkLogin()[pri:0, instance:testscripts.HomePageScript@78e94dcf]" started-at="2023-08-10T06:57:06 ICT" name="verifyLinkLogin" finished-at="2023-08-10T06:57:06 ICT" duration-ms="562" status="PASS">
          <reporter-output>
          </reporter-output>
        </test-method> <!-- verifyLinkLogin -->
        <test-method is-config="true" signature="closeBrowser()[pri:0, instance:testscripts.HomePageScript@78e94dcf]" started-at="2023-08-10T06:57:21 ICT" name="closeBrowser" finished-at="2023-08-10T06:57:21 ICT" duration-ms="158" status="PASS">
          <reporter-output>
          </reporter-output>
        </test-method> <!-- closeBrowser -->
      </class> <!-- testscripts.HomePageScript -->
    </test> <!-- C:/Users/Admin/IdeaProjects/TestNGReadExcelData -->
  </suite> <!-- All Test Suite -->
</testng-results>
